<?xml version="1.0" encoding="UTF-8"?>
<!-- Generated by org.testng.reporters.JUnitReportReporter -->
<testsuite skipped="0" hostname="LAPTOP-BLUPISGV" name="com.pizzhut.qa.testcases.HomePageTest" tests="2" failures="0" timestamp="2020-06-29T17:18:34 CDT" time="24.316" errors="0">
  <testcase name="menuValidationTest" time="12.287" classname="com.pizzhut.qa.testcases.HomePageTest"/>
  <system-out/>
  <testcase name="pizzaLinkTest" time="12.029" classname="com.pizzhut.qa.testcases.HomePageTest"/>
  <system-out/>
</testsuite> <!-- com.pizzhut.qa.testcases.HomePageTest -->
