<?xml version="1.0" encoding="UTF-8"?>
<!-- Generated by org.testng.reporters.JUnitReportReporter -->
<testsuite skipped="0" hostname="LAPTOP-BLUPISGV" name="com.pizzhut.qa.testcases.PizzaPageTest" tests="1" failures="0" timestamp="2020-06-29T21:13:14 CDT" time="19.732" errors="0">
  <testcase name="clickOnAddOrderButton" time="19.732" classname="com.pizzhut.qa.testcases.PizzaPageTest"/>
  <system-out/>
</testsuite> <!-- com.pizzhut.qa.testcases.PizzaPageTest -->
