<?xml version="1.0" encoding="UTF-8"?>
<!-- Generated by org.testng.reporters.JUnitReportReporter -->
<testsuite skipped="0" hostname="LAPTOP-GPNPFFK4" name="com.pizzhut.qa.testcases.CustomerInfoPageTest" tests="1" failures="0" timestamp="2020-06-30T16:26:12 CDT" time="31.800" errors="0">
  <testcase name="EntercustinfoEnterPaymentPageTest" time="31.800" classname="com.pizzhut.qa.testcases.CustomerInfoPageTest"/>
  <system-out/>
</testsuite> <!-- com.pizzhut.qa.testcases.CustomerInfoPageTest -->
