<?xml version="1.0" encoding="UTF-8"?>
<!-- Generated by org.testng.reporters.JUnitReportReporter -->
<testsuite skipped="11" hostname="LAPTOP-BLUPISGV" name="com.pizzhut.qa.testcases.HomePageTest" tests="12" failures="0" timestamp="2020-06-29T18:55:00 CDT" time="0.052" errors="1">
  <testcase name="setUp" time="0.050" classname="com.pizzhut.qa.testcases.HomePageTest">
    <error type="java.lang.IllegalStateException" message="The driver executable does not exist: C:\QA\drivers\chromedriver.exe">
      <![CDATA[java.lang.IllegalStateException: The driver executable does not exist: C:\QA\drivers\chromedriver.exe
at com.google.common.base.Preconditions.checkState(Preconditions.java:585)
at org.openqa.selenium.remote.service.DriverService.checkExecutable(DriverService.java:146)
at org.openqa.selenium.remote.service.DriverService.findExecutable(DriverService.java:141)
at org.openqa.selenium.chrome.ChromeDriverService.access$000(ChromeDriverService.java:35)
at org.openqa.selenium.chrome.ChromeDriverService$Builder.findDefaultExecutable(ChromeDriverService.java:159)
at org.openqa.selenium.remote.service.DriverService$Builder.build(DriverService.java:355)
at org.openqa.selenium.chrome.ChromeDriverService.createDefaultService(ChromeDriverService.java:94)
at org.openqa.selenium.chrome.ChromeDriver.<init>(ChromeDriver.java:123)
at com.pizzhut.qa.base.TestBase.initialization(TestBase.java:50)
at com.pizzhut.qa.testcases.HomePageTest.setUp(HomePageTest.java:32)
at sun.reflect.NativeMethodAccessorImpl.invoke0(Native Method)
at sun.reflect.NativeMethodAccessorImpl.invoke(Unknown Source)
at sun.reflect.DelegatingMethodAccessorImpl.invoke(Unknown Source)
at java.lang.reflect.Method.invoke(Unknown Source)
at org.testng.internal.MethodInvocationHelper.invokeMethod(MethodInvocationHelper.java:135)
at org.testng.internal.MethodInvocationHelper.invokeMethodConsideringTimeout(MethodInvocationHelper.java:64)
at org.testng.internal.ConfigInvoker.invokeConfigurationMethod(ConfigInvoker.java:364)
at org.testng.internal.ConfigInvoker.invokeConfigurations(ConfigInvoker.java:318)
at org.testng.internal.TestInvoker.runConfigMethods(TestInvoker.java:700)
at org.testng.internal.TestInvoker.invokeMethod(TestInvoker.java:527)
at org.testng.internal.TestInvoker.invokeTestMethod(TestInvoker.java:174)
at org.testng.internal.MethodRunner.runInSequence(MethodRunner.java:46)
at org.testng.internal.TestInvoker$MethodInvocationAgent.invoke(TestInvoker.java:821)
at org.testng.internal.TestInvoker.invokeTestMethods(TestInvoker.java:147)
at org.testng.internal.TestMethodWorker.invokeTestMethods(TestMethodWorker.java:146)
at org.testng.internal.TestMethodWorker.run(TestMethodWorker.java:128)
at java.util.ArrayList.forEach(Unknown Source)
at org.testng.TestRunner.privateRun(TestRunner.java:767)
at org.testng.TestRunner.run(TestRunner.java:588)
at org.testng.SuiteRunner.runTest(SuiteRunner.java:384)
at org.testng.SuiteRunner.runSequentially(SuiteRunner.java:378)
at org.testng.SuiteRunner.privateRun(SuiteRunner.java:337)
at org.testng.SuiteRunner.run(SuiteRunner.java:286)
at org.testng.SuiteRunnerWorker.runSuite(SuiteRunnerWorker.java:53)
at org.testng.SuiteRunnerWorker.run(SuiteRunnerWorker.java:96)
at org.testng.TestNG.runSuitesSequentially(TestNG.java:1214)
at org.testng.TestNG.runSuitesLocally(TestNG.java:1136)
at org.testng.TestNG.runSuites(TestNG.java:1066)
at org.testng.TestNG.run(TestNG.java:1034)
at org.testng.remote.AbstractRemoteTestNG.run(AbstractRemoteTestNG.java:115)
at org.testng.remote.RemoteTestNG.initAndRun(RemoteTestNG.java:251)
at org.testng.remote.RemoteTestNG.main(RemoteTestNG.java:77)
]]>
    </error>
  </testcase> <!-- setUp -->
  <system-out/>
  <testcase name="joinLinkTest" time="0.000" classname="com.pizzhut.qa.testcases.HomePageTest">
    <skipped/>
  </testcase> <!-- joinLinkTest -->
  <system-out/>
  <testcase name="dealsLinkTest" time="0.000" classname="com.pizzhut.qa.testcases.HomePageTest">
    <skipped/>
  </testcase> <!-- dealsLinkTest -->
  <system-out/>
  <testcase name="rewardLinkTest" time="0.001" classname="com.pizzhut.qa.testcases.HomePageTest">
    <skipped/>
  </testcase> <!-- rewardLinkTest -->
  <system-out/>
  <testcase name="menuValidationTest" time="0.000" classname="com.pizzhut.qa.testcases.HomePageTest">
    <skipped/>
  </testcase> <!-- menuValidationTest -->
  <system-out/>
  <testcase name="pizzaLinkTest" time="0.000" classname="com.pizzhut.qa.testcases.HomePageTest">
    <skipped/>
  </testcase> <!-- pizzaLinkTest -->
  <system-out/>
  <testcase name="pzoneLinkTest" time="0.000" classname="com.pizzhut.qa.testcases.HomePageTest">
    <skipped/>
  </testcase> <!-- pzoneLinkTest -->
  <system-out/>
  <testcase name="wingsLinkTest" time="0.001" classname="com.pizzhut.qa.testcases.HomePageTest">
    <skipped/>
  </testcase> <!-- wingsLinkTest -->
  <system-out/>
  <testcase name="sidesLinkTest" time="0.000" classname="com.pizzhut.qa.testcases.HomePageTest">
    <skipped/>
  </testcase> <!-- sidesLinkTest -->
  <system-out/>
  <testcase name="pastaLinkTest" time="0.000" classname="com.pizzhut.qa.testcases.HomePageTest">
    <skipped/>
  </testcase> <!-- pastaLinkTest -->
  <system-out/>
  <testcase name="dessertLinkTest" time="0.000" classname="com.pizzhut.qa.testcases.HomePageTest">
    <skipped/>
  </testcase> <!-- dessertLinkTest -->
  <system-out/>
  <testcase name="drinksLinkTest" time="0.000" classname="com.pizzhut.qa.testcases.HomePageTest">
    <skipped/>
  </testcase> <!-- drinksLinkTest -->
  <system-out/>
</testsuite> <!-- com.pizzhut.qa.testcases.HomePageTest -->
