<?xml version="1.0" encoding="UTF-8"?>
<!-- Generated by org.testng.reporters.JUnitReportReporter -->
<testsuite skipped="0" hostname="DESKTOP-6EQ85LQ" name="com.pizzhut.qa.testcases.JoinPageTest" tests="6" failures="0" timestamp="2020-06-29T10:45:15 CDT" time="80.675" errors="0">
  <testcase name="createAccButtonTest" time="15.585" classname="com.pizzhut.qa.testcases.JoinPageTest"/>
  <system-out/>
  <testcase name="negetiveTest" time="13.407" classname="com.pizzhut.qa.testcases.JoinPageTest"/>
  <system-out/>
  <testcase name="twitterTest" time="11.862" classname="com.pizzhut.qa.testcases.JoinPageTest"/>
  <system-out/>
  <testcase name="validateCreateNewAccount" time="12.377" classname="com.pizzhut.qa.testcases.JoinPageTest"/>
  <system-out/>
  <testcase name="validateCreateNewAccount" time="16.076" classname="com.pizzhut.qa.testcases.JoinPageTest"/>
  <system-out/>
  <testcase name="facebookIconTest" time="11.368" classname="com.pizzhut.qa.testcases.JoinPageTest"/>
  <system-out/>
</testsuite> <!-- com.pizzhut.qa.testcases.JoinPageTest -->
