<?xml version="1.0" encoding="UTF-8"?>
<!-- Generated by org.testng.reporters.JUnitReportReporter -->
<testsuite skipped="0" hostname="LAPTOP-GPNPFFK4" name="com.pizzhut.qa.testcases.CustomerInfoPageTest" tests="1" failures="0" timestamp="28 Jun 2020 01:46:08 GMT" time="33.273" errors="0">
  <testcase name="EntercustinfoEnterPaymentPageTest" time="33.273" classname="com.pizzhut.qa.testcases.CustomerInfoPageTest"/>
</testsuite> <!-- com.pizzhut.qa.testcases.CustomerInfoPageTest -->
