<?xml version="1.0" encoding="UTF-8"?>
<!-- Generated by org.testng.reporters.JUnitReportReporter -->
<testsuite skipped="0" hostname="LAPTOP-GPNPFFK4" name="com.pizzhut.qa.testcases.SignInPageTest" tests="1" failures="0" timestamp="28 Jun 2020 01:35:24 GMT" time="28.798" errors="0">
  <testcase name="SelectCtnAsGuestBtnEnterCustomerInfoPagee" time="28.798" classname="com.pizzhut.qa.testcases.SignInPageTest"/>
</testsuite> <!-- com.pizzhut.qa.testcases.SignInPageTest -->
