<?xml version="1.0" encoding="UTF-8"?>
<!-- Generated by org.testng.reporters.JUnitReportReporter -->
<testsuite skipped="0" hostname="LAPTOP-BLUPISGV" name="com.pizzhut.qa.testcases.PizzaPageTest" tests="1" failures="0" timestamp="2020-06-29T17:35:35 CDT" time="15.888" errors="0">
  <testcase name="clickOnOrderButton" time="15.888" classname="com.pizzhut.qa.testcases.PizzaPageTest"/>
  <system-out/>
</testsuite> <!-- com.pizzhut.qa.testcases.PizzaPageTest -->
