<?xml version="1.0" encoding="UTF-8"?>
<!-- Generated by org.testng.reporters.JUnitReportReporter -->
<testsuite skipped="0" hostname="DESKTOP-6EQ85LQ" name="com.pizzhut.qa.testcases.HomePageTest" tests="2" failures="0" timestamp="2020-06-30T21:24:57 CDT" time="22.342" errors="0">
  <testcase name="dealsLinkTest" time="11.895" classname="com.pizzhut.qa.testcases.HomePageTest"/>
  <system-out/>
  <testcase name="clickOnSignInTest" time="10.447" classname="com.pizzhut.qa.testcases.HomePageTest"/>
  <system-out/>
</testsuite> <!-- com.pizzhut.qa.testcases.HomePageTest -->
