<?xml version="1.0" encoding="UTF-8"?>
<!-- Generated by org.testng.reporters.JUnitReportReporter -->
<testsuite skipped="0" hostname="LAPTOP-BLUPISGV" name="com.pizzhut.qa.testcases.CarryoutPageTest" tests="2" failures="0" timestamp="2020-06-29T20:31:28 CDT" time="31.017" errors="0">
  <testcase name="enterZipCode" time="17.798" classname="com.pizzhut.qa.testcases.CarryoutPageTest"/>
  <system-out/>
  <testcase name="validateZipCodeLink" time="13.219" classname="com.pizzhut.qa.testcases.CarryoutPageTest"/>
  <system-out/>
</testsuite> <!-- com.pizzhut.qa.testcases.CarryoutPageTest -->
