<?xml version="1.0" encoding="UTF-8"?>
<!-- Generated by org.testng.reporters.JUnitReportReporter -->
<testsuite skipped="0" hostname="DESKTOP-6EQ85LQ" name="com.pizzhut.qa.testcases.LoginPageTest" tests="3" failures="0" timestamp="2020-06-29T10:48:32 CDT" time="28.329" errors="0">
  <testcase name="pizzahutLogoImageTest" time="9.858" classname="com.pizzhut.qa.testcases.LoginPageTest"/>
  <system-out/>
  <testcase name="loginPageTitleTest" time="8.615" classname="com.pizzhut.qa.testcases.LoginPageTest"/>
  <system-out/>
  <testcase name="loginTest" time="9.856" classname="com.pizzhut.qa.testcases.LoginPageTest"/>
  <system-out/>
</testsuite> <!-- com.pizzhut.qa.testcases.LoginPageTest -->
