<?xml version="1.0" encoding="UTF-8"?>
<!-- Generated by org.testng.reporters.JUnitReportReporter -->
<testsuite skipped="0" hostname="DESKTOP-6EQ85LQ" name="com.pizzhut.qa.testcases.LoginPageTest" tests="3" failures="0" timestamp="2020-06-30T11:18:01 CDT" time="30.600" errors="0">
  <testcase name="loginPageTitleTest" time="11.052" classname="com.pizzhut.qa.testcases.LoginPageTest"/>
  <system-out/>
  <testcase name="loginTest" time="10.105" classname="com.pizzhut.qa.testcases.LoginPageTest"/>
  <system-out/>
  <testcase name="pizzahutLogoImageTest" time="9.443" classname="com.pizzhut.qa.testcases.LoginPageTest"/>
  <system-out/>
</testsuite> <!-- com.pizzhut.qa.testcases.LoginPageTest -->
