<?xml version="1.0" encoding="UTF-8"?>
<!-- Generated by org.testng.reporters.JUnitReportReporter -->
<testsuite skipped="0" hostname="LAPTOP-GPNPFFK4" name="com.pizzhut.qa.testcases.OrderPageTest" tests="1" failures="0" timestamp="28 Jun 2020 01:06:03 GMT" time="27.787" errors="0">
  <testcase name="SelectCheckoutbuttonEnterSignInPageTest" time="27.787" classname="com.pizzhut.qa.testcases.OrderPageTest"/>
</testsuite> <!-- com.pizzhut.qa.testcases.OrderPageTest -->
