<?xml version="1.0" encoding="UTF-8"?>
<!-- Generated by org.testng.reporters.JUnitReportReporter -->
<<<<<<< HEAD
<testsuite skipped="0" hostname="LAPTOP-GPNPFFK4" name="com.pizzhut.qa.testcases.LoginPageTest" tests="3" failures="0" timestamp="2020-06-30T12:42:58 CDT" time="37.861" errors="0">
  <testcase name="pizzahutLogoImageTest" time="13.119" classname="com.pizzhut.qa.testcases.LoginPageTest"/>
  <system-out/>
  <testcase name="loginPageTitleTest" time="11.932" classname="com.pizzhut.qa.testcases.LoginPageTest"/>
  <system-out/>
  <testcase name="loginTest" time="12.810" classname="com.pizzhut.qa.testcases.LoginPageTest"/>
=======
<testsuite skipped="0" hostname="DESKTOP-6EQ85LQ" name="com.pizzhut.qa.testcases.LoginPageTest" tests="3" failures="0" timestamp="2020-06-29T10:48:32 CDT" time="28.329" errors="0">
  <testcase name="pizzahutLogoImageTest" time="9.858" classname="com.pizzhut.qa.testcases.LoginPageTest"/>
  <system-out/>
  <testcase name="loginPageTitleTest" time="8.615" classname="com.pizzhut.qa.testcases.LoginPageTest"/>
  <system-out/>
  <testcase name="loginTest" time="9.856" classname="com.pizzhut.qa.testcases.LoginPageTest"/>
>>>>>>> branch 'master' of https://github.com/Rohela15/PizzaHFinal.git
  <system-out/>
</testsuite> <!-- com.pizzhut.qa.testcases.LoginPageTest -->
