<?xml version="1.0" encoding="UTF-8"?>
<!-- Generated by org.testng.reporters.JUnitReportReporter -->
<testsuite skipped="0" hostname="LAPTOP-GPNPFFK4" name="com.pizzhut.qa.testcases.ToppingsSelectionPageTest" tests="1" failures="0" timestamp="27 Jun 2020 23:42:48 GMT" time="25.526" errors="0">
  <testcase name="SelectToppingsEnterAddMorePageTest" time="25.526" classname="com.pizzhut.qa.testcases.ToppingsSelectionPageTest"/>
</testsuite> <!-- com.pizzhut.qa.testcases.ToppingsSelectionPageTest -->
