<?xml version="1.0" encoding="UTF-8"?>
<!-- Generated by org.testng.reporters.JUnitReportReporter -->
<testsuite skipped="0" hostname="LAPTOP-BLUPISGV" name="com.pizzhut.qa.testcases.OrderPageTest" tests="1" failures="0" timestamp="2020-06-29T19:59:53 CDT" time="14.710" errors="0">
  <testcase name="clickOnCarryoutLink" time="14.710" classname="com.pizzhut.qa.testcases.OrderPageTest"/>
  <system-out/>
</testsuite> <!-- com.pizzhut.qa.testcases.OrderPageTest -->
