<?xml version="1.0" encoding="UTF-8"?>
<!-- Generated by org.testng.reporters.JUnitReportReporter -->
<testsuite skipped="0" hostname="LAPTOP-GPNPFFK4" name="com.pizzhut.qa.testcases.DealPageTest" tests="3" failures="0" timestamp="25 Jun 2020 23:14:55 GMT" time="40.709" errors="0">
  <testcase name="facebookIconTest" time="13.214" classname="com.pizzhut.qa.testcases.DealPageTest"/>
  <testcase name="twitterIconTest" time="13.025" classname="com.pizzhut.qa.testcases.DealPageTest"/>
  <testcase name="clickonDealOption" time="14.470" classname="com.pizzhut.qa.testcases.DealPageTest"/>
</testsuite> <!-- com.pizzhut.qa.testcases.DealPageTest -->
