<?xml version="1.0" encoding="UTF-8"?>
<!-- Generated by org.testng.reporters.JUnitReportReporter -->
<testsuite skipped="0" hostname="LAPTOP-GPNPFFK4" name="com.pizzhut.qa.testcases.LoginPageTest" tests="3" failures="0" timestamp="2020-06-30T12:42:58 CDT" time="37.861" errors="0">
  <testcase name="pizzahutLogoImageTest" time="13.119" classname="com.pizzhut.qa.testcases.LoginPageTest"/>
  <system-out/>
  <testcase name="loginPageTitleTest" time="11.932" classname="com.pizzhut.qa.testcases.LoginPageTest"/>
  <system-out/>
  <testcase name="loginTest" time="12.810" classname="com.pizzhut.qa.testcases.LoginPageTest"/>
  <system-out/>
</testsuite> <!-- com.pizzhut.qa.testcases.LoginPageTest -->
