<?xml version="1.0" encoding="UTF-8"?>
<!-- Generated by org.testng.reporters.JUnitReportReporter -->
<testsuite skipped="0" hostname="DESKTOP-6EQ85LQ" name="com.pizzhut.qa.testcases.DealPageTest" tests="3" failures="0" timestamp="2020-06-27T11:14:16 CDT" time="31.819" errors="0">
  <testcase name="facebookIconTest" time="11.152" classname="com.pizzhut.qa.testcases.DealPageTest"/>
  <system-out/>
  <testcase name="twitterIconTest" time="10.163" classname="com.pizzhut.qa.testcases.DealPageTest"/>
  <system-out/>
  <testcase name="clickonDealOption" time="10.504" classname="com.pizzhut.qa.testcases.DealPageTest"/>
  <system-out/>
</testsuite> <!-- com.pizzhut.qa.testcases.DealPageTest -->
