<?xml version="1.0" encoding="UTF-8"?>
<!-- Generated by org.testng.reporters.JUnitReportReporter -->
<testsuite skipped="0" hostname="LAPTOP-BLUPISGV" name="com.pizzhut.qa.testcases.DealPageTest" tests="3" failures="0" timestamp="26 Jun 2020 04:43:37 GMT" time="68.047" errors="0">
  <testcase name="facebookIconTest" time="26.337" classname="com.pizzhut.qa.testcases.DealPageTest"/>
  <testcase name="twitterIconTest" time="16.897" classname="com.pizzhut.qa.testcases.DealPageTest"/>
  <testcase name="clickonDealOption" time="24.813" classname="com.pizzhut.qa.testcases.DealPageTest"/>
</testsuite> <!-- com.pizzhut.qa.testcases.DealPageTest -->
