<?xml version="1.0" encoding="UTF-8"?>
<!-- Generated by org.testng.reporters.JUnitReportReporter -->
<testsuite skipped="0" hostname="LAPTOP-GPNPFFK4" name="com.pizzhut.qa.testcases.DealPageTest" tests="4" failures="0" timestamp="2020-06-30T16:23:42 CDT" time="56.738" errors="0">
  <testcase name="CheckDealOptionStatus" time="14.548" classname="com.pizzhut.qa.testcases.DealPageTest"/>
  <system-out/>
  <testcase name="facebookIconTest" time="12.690" classname="com.pizzhut.qa.testcases.DealPageTest"/>
  <system-out/>
  <testcase name="twitterIconTest" time="14.626" classname="com.pizzhut.qa.testcases.DealPageTest"/>
  <system-out/>
  <testcase name="clickonDealOption" time="14.874" classname="com.pizzhut.qa.testcases.DealPageTest"/>
  <system-out/>
</testsuite> <!-- com.pizzhut.qa.testcases.DealPageTest -->
