<?xml version="1.0" encoding="UTF-8"?>
<!-- Generated by org.testng.reporters.JUnitReportReporter -->
<testsuite skipped="0" hostname="DESKTOP-6EQ85LQ" name="com.pizzhut.qa.testcases.JoinPageTest" tests="6" failures="0" timestamp="2020-06-30T20:59:30 CDT" time="74.453" errors="0">
  <testcase name="createAccButtonTest" time="12.706" classname="com.pizzhut.qa.testcases.JoinPageTest"/>
  <system-out/>
  <testcase name="negetiveTest" time="13.411" classname="com.pizzhut.qa.testcases.JoinPageTest"/>
  <system-out/>
  <testcase name="twitterTest" time="12.602" classname="com.pizzhut.qa.testcases.JoinPageTest"/>
  <system-out/>
  <testcase name="validateCreateNewAccount" time="11.068" classname="com.pizzhut.qa.testcases.JoinPageTest"/>
  <system-out/>
  <testcase name="validateCreateNewAccount" time="13.695" classname="com.pizzhut.qa.testcases.JoinPageTest"/>
  <system-out/>
  <testcase name="facebookIconTest" time="10.971" classname="com.pizzhut.qa.testcases.JoinPageTest"/>
  <system-out/>
</testsuite> <!-- com.pizzhut.qa.testcases.JoinPageTest -->
