<?xml version="1.0" encoding="UTF-8"?>
<!-- Generated by org.testng.reporters.JUnitReportReporter -->
<testsuite skipped="0" hostname="DESKTOP-6EQ85LQ" name="com.pizzhut.qa.testcases.TwitterPageTest" tests="2" failures="0" timestamp="2020-06-28T00:45:24 CDT" time="24.599" errors="0">
  <testcase name="verifyTwitterTitleTest" time="12.285" classname="com.pizzhut.qa.testcases.TwitterPageTest"/>
  <system-out/>
  <testcase name="verifyUrlTest" time="12.314" classname="com.pizzhut.qa.testcases.TwitterPageTest"/>
  <system-out/>
</testsuite> <!-- com.pizzhut.qa.testcases.TwitterPageTest -->
