<?xml version="1.0" encoding="UTF-8"?>
<!-- Generated by org.testng.reporters.JUnitReportReporter -->
<testsuite skipped="0" hostname="LAPTOP-BLUPISGV" name="com.pizzhut.qa.testcases.FinalOrderPageTest" tests="1" failures="0" timestamp="2020-06-29T20:57:35 CDT" time="20.765" errors="0">
  <testcase name="clickOnFinalOrderTab" time="20.765" classname="com.pizzhut.qa.testcases.FinalOrderPageTest"/>
  <system-out/>
</testsuite> <!-- com.pizzhut.qa.testcases.FinalOrderPageTest -->
