<?xml version="1.0" encoding="UTF-8"?>
<!-- Generated by org.testng.reporters.JUnitReportReporter -->
<testsuite skipped="0" hostname="LAPTOP-GPNPFFK4" name="com.pizzhut.qa.testcases.HomePageTest" tests="11" failures="0" timestamp="2020-06-30T12:42:58 CDT" time="165.713" errors="0">
  <testcase name="joinLinkTest" time="19.080" classname="com.pizzhut.qa.testcases.HomePageTest"/>
  <system-out/>
  <testcase name="dealsLinkTest" time="16.851" classname="com.pizzhut.qa.testcases.HomePageTest"/>
  <system-out/>
  <testcase name="rewardLinkTest" time="13.964" classname="com.pizzhut.qa.testcases.HomePageTest"/>
  <system-out/>
  <testcase name="menuValidationTest" time="13.548" classname="com.pizzhut.qa.testcases.HomePageTest"/>
  <system-out/>
  <testcase name="menuLinkTest" time="13.537" classname="com.pizzhut.qa.testcases.HomePageTest"/>
  <system-out/>
  <testcase name="pzoneLinkTest" time="13.604" classname="com.pizzhut.qa.testcases.HomePageTest"/>
  <system-out/>
  <testcase name="wingsLinkTest" time="14.424" classname="com.pizzhut.qa.testcases.HomePageTest"/>
  <system-out/>
  <testcase name="sidesLinkTest" time="13.840" classname="com.pizzhut.qa.testcases.HomePageTest"/>
  <system-out/>
  <testcase name="pastaLinkTest" time="15.902" classname="com.pizzhut.qa.testcases.HomePageTest"/>
  <system-out/>
  <testcase name="dessertLinkTest" time="16.234" classname="com.pizzhut.qa.testcases.HomePageTest"/>
  <system-out/>
  <testcase name="drinksLinkTest" time="14.729" classname="com.pizzhut.qa.testcases.HomePageTest"/>
  <system-out/>
</testsuite> <!-- com.pizzhut.qa.testcases.HomePageTest -->
